[    0.000000] Linux version 4.15.0-212-generic (buildd@lcy02-amd64-083) (gcc version 7.5.0 (Ubuntu 7.5.0-3ubuntu1~18.04)) #223-Ubuntu SMP Tue May 23 13:09:22 UTC 2023 (Ubuntu 4.15.0-212.223-generic 4.15.18)
[    0.000000] Command line: BOOT_IMAGE=/boot/vmlinuz-4.15.0-212-generic root=LABEL=cloudimg-rootfs ro console=tty1 console=ttyS0
[    0.000000] KERNEL supported cpus:
[    0.000000]   Intel GenuineIntel
[    0.000000]   AMD AuthenticAMD
[    0.000000]   Centaur CentaurHauls
[    0.000000] x86/fpu: x87 FPU will use FXSAVE
[    0.000000] e820: BIOS-provided physical RAM map:
[    0.000000] BIOS-e820: [mem 0x0000000000000000-0x000000000009fbff] usable
[    0.000000] BIOS-e820: [mem 0x000000000009fc00-0x000000000009ffff] reserved
[    0.000000] BIOS-e820: [mem 0x00000000000f0000-0x00000000000fffff] reserved
[    0.000000] BIOS-e820: [mem 0x0000000000100000-0x000000000ffeffff] usable
[    0.000000] BIOS-e820: [mem 0x000000000fff0000-0x000000000fffffff] ACPI data
[    0.000000] BIOS-e820: [mem 0x00000000fec00000-0x00000000fec00fff] reserved
[    0.000000] BIOS-e820: [mem 0x00000000fee00000-0x00000000fee00fff] reserved
[    0.000000] BIOS-e820: [mem 0x00000000fffc0000-0x00000000ffffffff] reserved
[    0.000000] NX (Execute Disable) protection: active
[    0.000000] SMBIOS 2.5 present.
[    0.000000] DMI: innotek GmbH VirtualBox/VirtualBox, BIOS VirtualBox 12/01/2006
[    0.000000] Hypervisor detected: KVM
[    0.000000] e820: last_pfn = 0xfff0 max_arch_pfn = 0x400000000
[    0.000000] MTRR: Disabled
[    0.000000] x86/PAT: MTRRs disabled, skipping PAT initialization too.
[    0.000000] CPU MTRRs all blank - virtualized system.
[    0.000000] x86/PAT: Configuration [0-7]: WB  WT  UC- UC  WB  WT  UC- UC  
[    0.000000] found SMP MP-table at [mem 0x0009fff0-0x0009ffff]
[    0.000000] Scanning 1 areas for low memory corruption
[    0.000000] RAMDISK: [mem 0x0db01000-0x0ee12fff]
[    0.000000] ACPI: Early table checksum verification disabled
[    0.000000] ACPI: RSDP 0x00000000000E0000 000024 (v02 VBOX  )
[    0.000000] ACPI: XSDT 0x000000000FFF0030 00003C (v01 VBOX   VBOXXSDT 00000001 ASL  00000061)
[    0.000000] ACPI: FACP 0x000000000FFF00F0 0000F4 (v04 VBOX   VBOXFACP 00000001 ASL  00000061)
[    0.000000] ACPI: DSDT 0x000000000FFF0610 002353 (v02 VBOX   VBOXBIOS 00000002 INTL 20100528)
[    0.000000] ACPI: FACS 0x000000000FFF0200 000040
[    0.000000] ACPI: FACS 0x000000000FFF0200 000040
[    0.000000] ACPI: APIC 0x000000000FFF0240 000054 (v02 VBOX   VBOXAPIC 00000001 ASL  00000061)
[    0.000000] ACPI: SSDT 0x000000000FFF02A0 00036C (v01 VBOX   VBOXCPUT 00000002 INTL 20100528)
[    0.000000] ACPI: Reserving FACP table memory at [mem 0xfff00f0-0xfff01e3]
[    0.000000] ACPI: Reserving DSDT table memory at [mem 0xfff0610-0xfff2962]
[    0.000000] ACPI: Reserving FACS table memory at [mem 0xfff0200-0xfff023f]
[    0.000000] ACPI: Reserving FACS table memory at [mem 0xfff0200-0xfff023f]
[    0.000000] ACPI: Reserving APIC table memory at [mem 0xfff0240-0xfff0293]
[    0.000000] ACPI: Reserving SSDT table memory at [mem 0xfff02a0-0xfff060b]
[    0.000000] No NUMA configuration found
[    0.000000] Faking a node at [mem 0x0000000000000000-0x000000000ffeffff]
[    0.000000] NODE_DATA(0) allocated [mem 0x0ffc5000-0x0ffeffff]
[    0.000000] kvm-clock: cpu 0, msr 0:ff44001, primary cpu clock
[    0.000000] kvm-clock: Using msrs 4b564d01 and 4b564d00
[    0.000000] kvm-clock: using sched offset of 3909564580 cycles
[    0.000000] clocksource: kvm-clock: mask: 0xffffffffffffffff max_cycles: 0x1cd42e4dffb, max_idle_ns: 881590591483 ns
[    0.000000] Zone ranges:
[    0.000000]   DMA      [mem 0x0000000000001000-0x0000000000ffffff]
[    0.000000]   DMA32    [mem 0x0000000001000000-0x000000000ffeffff]
[    0.000000]   Normal   empty
[    0.000000]   Device   empty
[    0.000000] Movable zone start for each node
[    0.000000] Early memory node ranges
[    0.000000]   node   0: [mem 0x0000000000001000-0x000000000009efff]
[    0.000000]   node   0: [mem 0x0000000000100000-0x000000000ffeffff]
[    0.000000] Reserved but unavailable: 104 pages
[    0.000000] Initmem setup node 0 [mem 0x0000000000001000-0x000000000ffeffff]
[    0.000000] ACPI: PM-Timer IO Port: 0x4008
[    0.000000] IOAPIC[0]: apic_id 1, version 32, address 0xfec00000, GSI 0-23
[    0.000000] ACPI: INT_SRC_OVR (bus 0 bus_irq 0 global_irq 2 dfl dfl)
[    0.000000] ACPI: INT_SRC_OVR (bus 0 bus_irq 9 global_irq 9 low level)
[    0.000000] Using ACPI (MADT) for SMP configuration information
[    0.000000] smpboot: Allowing 1 CPUs, 0 hotplug CPUs
[    0.000000] PM: Registered nosave memory: [mem 0x00000000-0x00000fff]
[    0.000000] PM: Registered nosave memory: [mem 0x0009f000-0x0009ffff]
[    0.000000] PM: Registered nosave memory: [mem 0x000a0000-0x000effff]
[    0.000000] PM: Registered nosave memory: [mem 0x000f0000-0x000fffff]
[    0.000000] e820: [mem 0x10000000-0xfebfffff] available for PCI devices
[    0.000000] Booting paravirtualized kernel on KVM
[    0.000000] clocksource: refined-jiffies: mask: 0xffffffff max_cycles: 0xffffffff, max_idle_ns: 7645519600211568 ns
[    0.000000] setup_percpu: NR_CPUS:8192 nr_cpumask_bits:1 nr_cpu_ids:1 nr_node_ids:1
[    0.000000] percpu: Embedded 50 pages/cpu s167936 r8192 d28672 u2097152
[    0.000000] PV qspinlock hash table entries: 256 (order: 0, 4096 bytes)
[    0.000000] Built 1 zonelists, mobility grouping on.  Total pages: 64377
[    0.000000] Policy zone: DMA32
[    0.000000] Kernel command line: BOOT_IMAGE=/boot/vmlinuz-4.15.0-212-generic root=LABEL=cloudimg-rootfs ro console=tty1 console=ttyS0
[    0.000000] Memory: 208700K/261688K available (12300K kernel code, 2477K rwdata, 4324K rodata, 2480K init, 2720K bss, 52988K reserved, 0K cma-reserved)
[    0.000000] SLUB: HWalign=64, Order=0-3, MinObjects=0, CPUs=1, Nodes=1
[    0.000000] ftrace: allocating 39508 entries in 155 pages
[    0.004000] Hierarchical RCU implementation.
[    0.004000] 	RCU restricting CPUs from NR_CPUS=8192 to nr_cpu_ids=1.
[    0.004000] 	Tasks RCU enabled.
[    0.004000] RCU: Adjusting geometry for rcu_fanout_leaf=16, nr_cpu_ids=1
[    0.004000] NR_IRQS: 524544, nr_irqs: 256, preallocated irqs: 16
[    0.004000] random: crng init done
[    0.004000] Console: colour VGA+ 80x25
[    0.004000] console [tty1] enabled
[    0.004000] console [ttyS0] enabled
[    0.004000] ACPI: Core revision 20170831
[    0.004000] ACPI: 2 ACPI AML tables successfully acquired and loaded
[    0.004000] APIC: Switch to symmetric I/O mode setup
[    0.004000] ..TIMER: vector=0x30 apic1=0 pin1=2 apic2=-1 pin2=-1
[    0.004007] tsc: Detected 2803.198 MHz processor
[    0.008013] Calibrating delay loop (skipped) preset value.. 5606.39 BogoMIPS (lpj=11212792)
[    0.012008] pid_max: default: 32768 minimum: 301
[    0.016033] Security Framework initialized
[    0.020004] Yama: becoming mindful.
[    0.024020] AppArmor: AppArmor initialized
[    0.028074] Dentry cache hash table entries: 32768 (order: 6, 262144 bytes)
[    0.032068] Inode-cache hash table entries: 16384 (order: 5, 131072 bytes)
[    0.036037] Mount-cache hash table entries: 512 (order: 0, 4096 bytes)
[    0.040012] Mountpoint-cache hash table entries: 512 (order: 0, 4096 bytes)
[    0.046067] Last level iTLB entries: 4KB 0, 2MB 0, 4MB 0
[    0.048005] Last level dTLB entries: 4KB 0, 2MB 0, 4MB 0, 1GB 0
[    0.052004] Spectre V1 : Mitigation: usercopy/swapgs barriers and __user pointer sanitization
[    0.056008] Spectre V2 : Mitigation: Enhanced IBRS
[    0.060003] Spectre V2 : Spectre v2 / SpectreRSB mitigation: Filling RSB on context switch
[    0.064002] Spectre V2 : Spectre v2 / PBRSB-eIBRS: Retire a single CALL on VMEXIT
[    0.068003] RETBleed: Mitigation: Enhanced IBRS
[    0.072002] Speculative Store Bypass: Vulnerable
[    0.082870] Freeing SMP alternatives memory: 36K
[    0.192290] smpboot: CPU0: 11th Gen Intel(R) Core(TM) i7-1165G7 @ 2.80GHz (family: 0x6, model: 0x8c, stepping: 0x1)
[    0.196123] Performance Events: unsupported p6 CPU model 140 no PMU driver, software events only.
[    0.200041] Hierarchical SRCU implementation.
[    0.204627] NMI watchdog: Perf event create on CPU 0 failed with -2
[    0.208003] NMI watchdog: Perf NMI watchdog permanently disabled
[    0.212062] smp: Bringing up secondary CPUs ...
[    0.216003] smp: Brought up 1 node, 1 CPU
[    0.220003] smpboot: Max logical packages: 1
[    0.224003] smpboot: Total of 1 processors activated (5606.39 BogoMIPS)
[    0.228133] devtmpfs: initialized
[    0.232147] x86/mm: Memory block size: 128MB
[    0.236107] evm: security.selinux
[    0.240004] evm: security.SMACK64
[    0.244004] evm: security.SMACK64EXEC
[    0.248005] evm: security.SMACK64TRANSMUTE
[    0.252005] evm: security.SMACK64MMAP
[    0.256002] evm: security.apparmor
[    0.260005] evm: security.ima
[    0.264005] evm: security.capability
[    0.268132] clocksource: jiffies: mask: 0xffffffff max_cycles: 0xffffffff, max_idle_ns: 7645041785100000 ns
[    0.272018] futex hash table entries: 256 (order: 2, 16384 bytes)
[    0.276062] pinctrl core: initialized pinctrl subsystem
[    0.280703] RTC time:  1:25:49, date: 08/12/24
[    0.284097] NET: Registered protocol family 16
[    0.288063] audit: initializing netlink subsys (disabled)
[    0.292118] cpuidle: using governor ladder
[    0.296008] audit: type=2000 audit(1723425955.059:1): state=initialized audit_enabled=0 res=1
[    0.300016] cpuidle: using governor menu
[    0.304104] ACPI: bus type PCI registered
[    0.308008] acpiphp: ACPI Hot Plug PCI Controller Driver version: 0.5
[    0.312267] PCI: Using configuration type 1 for base access
[    0.316771] HugeTLB registered 2.00 MiB page size, pre-allocated 0 pages
[    0.320155] ACPI: Added _OSI(Module Device)
[    0.324003] ACPI: Added _OSI(Processor Device)
[    0.328016] ACPI: Added _OSI(3.0 _SCP Extensions)
[    0.332002] ACPI: Added _OSI(Processor Aggregator Device)
[    0.336010] ACPI: Added _OSI(Linux-Dell-Video)
[    0.340014] ACPI: Added _OSI(Linux-Lenovo-NV-HDMI-Audio)
[    0.344003] ACPI: Added _OSI(Linux-HPI-Hybrid-Graphics)
[    0.348814] ACPI: Executed 1 blocks of module-level executable AML code
[    0.358294] ACPI: Interpreter enabled
[    0.360023] ACPI: (supports S0 S5)
[    0.364008] ACPI: Using IOAPIC for interrupt routing
[    0.368505] PCI: Using host bridge windows from ACPI; if necessary, use "pci=nocrs" and report a bug
[    0.372335] ACPI: Enabled 2 GPEs in block 00 to 07
[    0.386260] ACPI: PCI Root Bridge [PCI0] (domain 0000 [bus 00-ff])
[    0.388022] acpi PNP0A03:00: _OSC: OS supports [ASPM ClockPM Segments MSI]
[    0.392844] acpi PNP0A03:00: _OSC: not requesting OS control; OS requires [ExtendedConfig ASPM ClockPM MSI]
[    0.396038] acpi PNP0A03:00: fail to add MMCONFIG information, can't access extended PCI configuration space under this bridge.
[    0.400799] PCI host bridge to bus 0000:00
[    0.404011] pci_bus 0000:00: root bus resource [io  0x0000-0x0cf7 window]
[    0.408009] pci_bus 0000:00: root bus resource [io  0x0d00-0xffff window]
[    0.412014] pci_bus 0000:00: root bus resource [mem 0x000a0000-0x000bffff window]
[    0.420022] pci_bus 0000:00: root bus resource [mem 0x10000000-0xfdffffff window]
[    0.424014] pci_bus 0000:00: root bus resource [bus 00-ff]
[    0.433613] pci 0000:00:01.1: legacy IDE quirk: reg 0x10: [io  0x01f0-0x01f7]
[    0.436011] pci 0000:00:01.1: legacy IDE quirk: reg 0x14: [io  0x03f6]
[    0.440014] pci 0000:00:01.1: legacy IDE quirk: reg 0x18: [io  0x0170-0x0177]
[    0.444012] pci 0000:00:01.1: legacy IDE quirk: reg 0x1c: [io  0x0376]
[    0.472723] pci 0000:00:07.0: quirk: [io  0x4000-0x403f] claimed by PIIX4 ACPI
[    0.476062] pci 0000:00:07.0: quirk: [io  0x4100-0x410f] claimed by PIIX4 SMB
[    0.493149] ACPI: PCI Interrupt Link [LNKA] (IRQs 5 9 10 *11)
[    0.496722] ACPI: PCI Interrupt Link [LNKB] (IRQs 5 9 *10 11)
[    0.500273] ACPI: PCI Interrupt Link [LNKC] (IRQs 5 *9 10 11)
[    0.504197] ACPI: PCI Interrupt Link [LNKD] (IRQs 5 9 10 *11)
[    0.508423] SCSI subsystem initialized
[    0.512186] pci 0000:00:02.0: vgaarb: setting as boot VGA device
[    0.516000] pci 0000:00:02.0: vgaarb: VGA device added: decodes=io+mem,owns=io+mem,locks=none
[    0.516016] pci 0000:00:02.0: vgaarb: bridge control possible
[    0.520006] vgaarb: loaded
[    0.524042] ACPI: bus type USB registered
[    0.527147] usbcore: registered new interface driver usbfs
[    0.528019] usbcore: registered new interface driver hub
[    0.532011] usbcore: registered new device driver usb
[    0.536073] EDAC MC: Ver: 3.0.0
[    0.540655] PCI: Using ACPI for IRQ routing
[    0.544670] NetLabel: Initializing
[    0.548002] NetLabel:  domain hash size = 128
[    0.552002] NetLabel:  protocols = UNLABELED CIPSOv4 CALIPSO
[    0.556049] NetLabel:  unlabeled traffic allowed by default
[    0.560229] clocksource: Switched to clocksource kvm-clock
[    0.600020] VFS: Disk quotas dquot_6.6.0
[    0.612207] VFS: Dquot-cache hash table entries: 512 (order 0, 4096 bytes)
[    0.620638] AppArmor: AppArmor Filesystem Enabled
[    0.627626] pnp: PnP ACPI init
[    0.634855] pnp: PnP ACPI: found 3 devices
[    0.649947] clocksource: acpi_pm: mask: 0xffffff max_cycles: 0xffffff, max_idle_ns: 2085701024 ns
[    0.660311] NET: Registered protocol family 2
[    0.663635] IP idents hash table entries: 4096 (order: 3, 32768 bytes)
[    0.668534] TCP established hash table entries: 2048 (order: 2, 16384 bytes)
[    0.673436] TCP bind hash table entries: 2048 (order: 3, 32768 bytes)
[    0.678216] TCP: Hash tables configured (established 2048 bind 2048)
[    0.683498] UDP hash table entries: 256 (order: 1, 8192 bytes)
[    0.687648] UDP-Lite hash table entries: 256 (order: 1, 8192 bytes)
[    0.692337] NET: Registered protocol family 1
[    0.695610] pci 0000:00:00.0: Limiting direct PCI/PCI transfers
[    0.700573] pci 0000:00:01.0: Activating ISA DMA hang workarounds
[    0.705588] pci 0000:00:02.0: Video device with shadowed ROM at [mem 0x000c0000-0x000dffff]
[    0.712440] Unpacking initramfs...
[    1.223268] Freeing initrd memory: 19528K
[    1.229159] clocksource: tsc: mask: 0xffffffffffffffff max_cycles: 0x28680e0a5c3, max_idle_ns: 440795346756 ns
[    1.239566] platform rtc_cmos: registered platform RTC device (no PNP device found)
[    1.245748] Scanning for low memory corruption every 60 seconds
[    1.252568] Initialise system trusted keyrings
[    1.256258] Key type blacklist registered
[    1.258851] workingset: timestamp_bits=36 max_order=16 bucket_order=0
[    1.265429] zbud: loaded
[    1.268932] squashfs: version 4.0 (2009/01/31) Phillip Lougher
[    1.273444] fuse init (API version 7.26)
[    1.278816] Key type asymmetric registered
[    1.281801] Asymmetric key parser 'x509' registered
[    1.285504] Block layer SCSI generic (bsg) driver version 0.4 loaded (major 246)
[    1.290944] io scheduler noop registered
[    1.294663] io scheduler deadline registered
[    1.298715] io scheduler cfq registered (default)
[    1.304065] ACPI: AC Adapter [AC] (on-line)
[    1.306986] input: Power Button as /devices/LNXSYSTM:00/LNXPWRBN:00/input/input0
[    1.312351] ACPI: Power Button [PWRF]
[    1.315206] input: Sleep Button as /devices/LNXSYSTM:00/LNXSLPBN:00/input/input1
[    1.324778] ACPI: Sleep Button [SLPF]
[    1.331821] ACPI: Battery Slot [BAT0] (battery present)
[    1.337540] Serial: 8250/16550 driver, 32 ports, IRQ sharing enabled
[    1.373996] 00:02: ttyS0 at I/O 0x3f8 (irq = 4, base_baud = 115200) is a 16550A
[    1.387779] Linux agpgart interface v0.103
[    1.396151] loop: module loaded
[    1.401965] scsi host0: ata_piix
[    1.404808] scsi host1: ata_piix
[    1.407263] ata1: PATA max UDMA/33 cmd 0x1f0 ctl 0x3f6 bmdma 0xd000 irq 14
[    1.411888] ata2: PATA max UDMA/33 cmd 0x170 ctl 0x376 bmdma 0xd008 irq 15
[    1.419429] tun: Universal TUN/TAP device driver, 1.6
[    1.426843] PPP generic driver version 2.4.2
[    1.431647] ehci_hcd: USB 2.0 'Enhanced' Host Controller (EHCI) Driver
[    1.438461] ehci-pci: EHCI PCI platform driver
[    1.443246] ehci-platform: EHCI generic platform driver
[    1.447385] ohci_hcd: USB 1.1 'Open' Host Controller (OHCI) Driver
[    1.454028] ohci-pci: OHCI PCI platform driver
[    1.460814] ohci-platform: OHCI generic platform driver
[    1.466015] uhci_hcd: USB Universal Host Controller Interface driver
[    1.471036] i8042: PNP: PS/2 Controller [PNP0303:PS2K,PNP0f03:PS2M] at 0x60,0x64 irq 1,12
[    1.479310] serio: i8042 KBD port at 0x60,0x64 irq 1
[    1.483329] serio: i8042 AUX port at 0x60,0x64 irq 12
[    1.487222] mousedev: PS/2 mouse device common for all mice
[    1.493391] input: AT Translated Set 2 keyboard as /devices/platform/i8042/serio0/input/input2
[    1.503795] rtc_cmos rtc_cmos: rtc core: registered rtc_cmos as rtc0
[    1.510989] rtc_cmos rtc_cmos: alarms up to one day, 114 bytes nvram
[    1.517317] i2c /dev entries driver
[    1.520328] device-mapper: uevent: version 1.0.3
[    1.523480] device-mapper: ioctl: 4.37.0-ioctl (2017-09-20) initialised: dm-devel@redhat.com
[    1.529693] ledtrig-cpu: registered to indicate activity on CPUs
[    1.536847] NET: Registered protocol family 10
[    1.549121] Segment Routing with IPv6
[    1.553798] NET: Registered protocol family 17
[    1.557843] Key type dns_resolver registered
[    1.561574] mce: Using 0 MCE banks
[    1.564566] RAS: Correctable Errors collector initialized.
[    1.569173] sched_clock: Marking stable (1569055844, 0)->(2374805418, -805749574)
[    1.634210] registered taskstats version 1
[    1.638893] Loading compiled-in X.509 certificates
[    1.645041] Loaded X.509 cert 'Build time autogenerated kernel key: b5b26778eaa3ab3a4a6cee031137706e947d12ad'
[    1.658147] Loaded X.509 cert 'Canonical Ltd. Live Patch Signing: 14df34d1a87cf37625abec039ef2bf521249b969'
[    1.669308] Loaded X.509 cert 'Canonical Ltd. Kernel Module Signing: 88f752e560a1e0737e31163a466ad7b70a850c19'
[    1.676786] blacklist: Loading compiled-in revocation X.509 certificates
[    1.682053] Loaded X.509 cert 'Canonical Ltd. Secure Boot Signing: 61482aa2830d0ab2ad5af10b7250da9033ddcef0'
[    1.689835] Loaded X.509 cert 'Canonical Ltd. Secure Boot Signing (2017): 242ade75ac4a15e50d50c84b0d45ff3eae707a03'
[    1.699051] Loaded X.509 cert 'Canonical Ltd. Secure Boot Signing (ESM 2018): 365188c1d374d6b07c3c8f240f8ef722433d6a8b'
[    1.708446] Loaded X.509 cert 'Canonical Ltd. Secure Boot Signing (2019): c0746fd6c5da3ae827864651ad66ae47fe24b3e8'
[    1.716107] Loaded X.509 cert 'Canonical Ltd. Secure Boot Signing (2021 v1): a8d54bbb3825cfb94fa13c9f8a594a195c107b8d'
[    1.723608] Loaded X.509 cert 'Canonical Ltd. Secure Boot Signing (2021 v2): 4cf046892d6fd3c9a5b03f98d845f90851dc6a8c'
[    1.730711] Loaded X.509 cert 'Canonical Ltd. Secure Boot Signing (2021 v3): 100437bb6de6e469b581e61cd66bce3ef4ed53af'
[    1.738810] Loaded X.509 cert 'Canonical Ltd. Secure Boot Signing (Ubuntu Core 2019): c1d57b8f6b743f23ee41f4f7ee292f06eecadfb9'
[    1.747189] zswap: loaded using pool lzo/zbud
[    1.754693] Key type big_key registered
[    1.757617] Key type trusted registered
[    1.762581] Key type encrypted registered
[    1.770325] AppArmor: AppArmor sha1 policy hashing enabled
[    1.776546] ima: No TPM chip found, activating TPM-bypass! (rc=-19)
[    1.782882] ima: Allocated hash algorithm: sha1
[    1.787149] evm: HMAC attrs: 0x1
[    1.790387]   Magic number: 4:391:407
[    1.793812] platform ACPI0003:00: hash matches
[    1.796981] ac ACPI0003:00: hash matches
[    1.800615] rtc_cmos rtc_cmos: setting system clock to 2024-08-12 01:25:51 UTC (1723425951)
[    1.809472] BIOS EDD facility v0.16 2004-Jun-25, 0 devices found
[    1.816486] EDD information not available.
[    1.823555] Freeing unused kernel image memory: 2480K
[    1.833221] Write protecting the kernel read-only data: 20480k
[    1.838399] Freeing unused kernel image memory: 2008K
[    1.842858] Freeing unused kernel image memory: 1820K
[    1.850440] x86/mm: Checked W+X mappings: passed, no W+X pages found.
Loading, please wait...
starting version 237
[    1.951972] e1000: Intel(R) PRO/1000 Network Driver - version 7.3.21-k8-NAPI
[    1.960049] e1000: Copyright (c) 1999-2006 Intel Corporation.
[    1.969327] Fusion MPT base driver 3.04.20
[    1.972301] Copyright (c) 1999-2008 LSI Corporation
[    2.002580] SSE version of gcm_enc/dec engaged.
[    2.045216] Fusion MPT SPI Host driver 3.04.20
[    2.231597] input: ImExPS/2 Generic Explorer Mouse as /devices/platform/i8042/serio1/input/input4
[    2.785296] e1000 0000:00:03.0 eth0: (PCI:33MHz:32-bit) 02:3b:7b:b7:3b:2d
[    2.789653] e1000 0000:00:03.0 eth0: Intel(R) PRO/1000 Network Connection
[    2.796258] mptbase: ioc0: Initiating bringup
[    2.913966] ioc0: LSI53C1030 A0: Capabilities={Initiator}
[    3.180889] scsi host2: ioc0: LSI53C1030 A0, FwRev=00000000h, Ports=1, MaxQ=256, IRQ=20
[    3.357749] scsi 2:0:0:0: Direct-Access     VBOX     HARDDISK         1.0  PQ: 0 ANSI: 5
[    3.368484] scsi target2:0:0: Beginning Domain Validation
[    3.380966] scsi target2:0:0: Domain Validation skipping write tests
[    3.386494] scsi target2:0:0: Ending Domain Validation
[    3.391766] scsi target2:0:0: asynchronous
[    3.397108] scsi 2:0:1:0: Direct-Access     VBOX     HARDDISK         1.0  PQ: 0 ANSI: 5
[    3.411383] scsi target2:0:1: Beginning Domain Validation
[    3.516800] scsi target2:0:1: Domain Validation skipping write tests
[    3.525828] scsi target2:0:1: Ending Domain Validation
[    3.549063] scsi target2:0:1: asynchronous
[    3.713909] sd 2:0:0:0: Attached scsi generic sg0 type 0
[    3.721110] sd 2:0:0:0: [sda] 83886080 512-byte logical blocks: (42.9 GB/40.0 GiB)
[    3.742170] sd 2:0:1:0: Attached scsi generic sg1 type 0
[    3.754538] sd 2:0:0:0: [sda] Write Protect is off
[    3.762387] sd 2:0:1:0: [sdb] 20480 512-byte logical blocks: (10.5 MB/10.0 MiB)
[    3.787437] sd 2:0:0:0: [sda] Incomplete mode parameter data
[    3.798847] sd 2:0:0:0: [sda] Assuming drive cache: write through
[    3.808994] sd 2:0:1:0: [sdb] Write Protect is off
[    3.816693] sd 2:0:1:0: [sdb] Incomplete mode parameter data
[    3.822820] sd 2:0:1:0: [sdb] Assuming drive cache: write through
[    3.854883]  sda: sda1
[    3.859315] sd 2:0:1:0: [sdb] Attached SCSI disk
[    3.890684] sd 2:0:0:0: [sda] Attached SCSI disk
[    4.396153] e1000 0000:00:08.0 eth1: (PCI:33MHz:32-bit) 08:00:27:5c:ae:c8
[    4.406144] e1000 0000:00:08.0 eth1: Intel(R) PRO/1000 Network Connection
[    4.417189] e1000 0000:00:08.0 enp0s8: renamed from eth1
[    4.436871] e1000 0000:00:03.0 enp0s3: renamed from eth0
Begin: Loading essential drivers ... [    6.684091] raid6: sse2x1   gen() 14649 MB/s
[    6.748146] raid6: sse2x1   xor()  6182 MB/s
[    6.800185] raid6: sse2x2   gen() 10015 MB/s
[    6.872337] raid6: sse2x2   xor()  6865 MB/s
[    6.936160] raid6: sse2x4   gen() 16407 MB/s
[    6.988166] raid6: sse2x4   xor()  9116 MB/s
[    6.992314] raid6: using algorithm sse2x4 gen() 16407 MB/s
[    6.997376] raid6: .... xor() 9116 MB/s, rmw enabled
[    7.003273] raid6: using ssse3x2 recovery algorithm
[    7.009210] xor: measuring software checksum speed
[    7.113933]    prefetch64-sse: 56839.000 MB/sec
[    7.218663]    generic_sse: 52829.000 MB/sec
[    7.222684] xor: using function: prefetch64-sse (56839.000 MB/sec)
[    7.229232] async_tx: api initialized (async)
done.
Begin: Running /scripts/init-premount ... done.
Begin: Mounting root file system ... Begin: Running /scripts/local-top ... done.
Begin: Running /scripts/local-premount ... [    7.308269] Btrfs loaded, crc32c=crc32c-intel
Scanning for Btrfs filesystems
done.
Warning: fsck not present, so skipping root file system
[    7.367473] EXT4-fs (sda1): mounted filesystem with ordered data mode. Opts: (null)
done.
Begin: Running /scripts/local-bottom ... done.
Begin: Running /scripts/init-bottom ... done.
[    7.602824] ip_tables: (C) 2000-2006 Netfilter Core Team
[    7.620583] systemd[1]: systemd 237 running in system mode. (+PAM +AUDIT +SELINUX +IMA +APPARMOR +SMACK +SYSVINIT +UTMP +LIBCRYPTSETUP +GCRYPT +GNUTLS +ACL +XZ +LZ4 +SECCOMP +BLKID +ELFUTILS +KMOD -IDN2 +IDN -PCRE2 default-hierarchy=hybrid)
[    7.636412] systemd[1]: Detected virtualization oracle.
[    7.642579] systemd[1]: Detected architecture x86-64.

Welcome to [1mUbuntu 18.04.6 LTS[0m!

[    7.655532] systemd[1]: Set hostname to <ubuntu>.
[    7.668082] systemd[1]: Initializing machine ID from random generator.
[    7.672817] systemd[1]: Installed transient /etc/machine-id file.
[    8.013121] systemd[1]: Reached target Swap.
[[0;32m  OK  [0m] Reached target Swap.
[    8.019744] systemd[1]: Reached target System Time Synchronized.
[[0;32m  OK  [0m] Reached target System Time Synchronized.
[    8.031438] systemd[1]: Created slice User and Session Slice.
[[0;32m  OK  [0m] Created slice User and Session Slice.
[    8.039018] systemd[1]: Reached target User and Group Name Lookups.
[[0;32m  OK  [0m] Reached target User and Group Name Lookups.
[[0;32m  OK  [0m] Created slice System Slice.
[[0;32m  OK  [0m] Listening on Syslog Socket.
[[0;32m  OK  [0m] Listening on Journal Socket.
         Mounting Huge Pages File System...
         Starting Uncomplicated firewall...
[[0;32m  OK  [0m] Listening on LVM2 poll daemon socket.
[[0;32m  OK  [0m] Listening on Device-mapper event daemon FIFOs.
[[0;32m  OK  [0m] Listening on udev Kernel Socket.
         Mounting Kernel Debug File System...
[[0;32m  OK  [0m] Created slice system-serial\x2dgetty.slice.
         Starting Create list of required st…ce nodes for the current kernel...
         Starting Set the console keyboard layout...
         Mounting POSIX Message Queue File System...
         Starting Load Kernel Modules...
[[0;32m  OK  [0m] Listening on fsck to fsckd communication Socket.
[[0;32m  OK  [0m] Listening on udev Control Socket.
[[0;32m  OK  [0m] Set up automount Arbitrary Executab…rmats File System Automount Point.
[    8.142936] Loading iSCSI transport class v2.0-870.
[    8.151898] iscsi: registered transport (tcp)
[    8.172661] iscsi: registered transport (iser)
[[0;32m  OK  [0m] Reached target Slices.
[[0;32m  OK  [0m] Listening on Network Service Netlink Socket.
[[0;32m  OK  [0m] Reached target Mounting snaps.
[[0;32m  OK  [0m] Reached target Mounted snaps.
[[0;32m  OK  [0m] Started Forward Password Requests to Wall Directory Watch.
         Starting udev Coldplug all Devices...
[[0;32m  OK  [0m] Listening on Journal Audit Socket.
[[0;32m  OK  [0m] Listening on /dev/initctl Compatibility Named Pipe.
[[0;32m  OK  [0m] Listening on LVM2 metadata daemon socket.
         Starting Monitoring of LVM2 mirrors…ng dmeventd or progress polling...
         Starting File System Check on Root Device...
[[0;32m  OK  [0m] Listening on Journal Socket (/dev/log).
         Starting Journal Service...
[[0;32m  OK  [0m] Mounted Huge Pages File System.
[[0;32m  OK  [0m] Started Uncomplicated firewall.
[[0;32m  OK  [0m] Mounted Kernel Debug File System.
[[0;32m  OK  [0m] Started Create list of required sta…vice nodes for the current kernel.
[[0;32m  OK  [0m] Mounted POSIX Message Queue File System.
[[0;32m  OK  [0m] Started Load Kernel Modules.
[[0;32m  OK  [0m] Started File System Check Daemon to report status.
[[0;32m  OK  [0m] Started LVM2 metadata daemon.
         Mounting Kernel Configuration File System...
         Starting Apply Kernel Variables...
         Mounting FUSE Control File System...
         Starting Create Static Device Nodes in /dev...
[[0;32m  OK  [0m] Mounted Kernel Configuration File System.
[[0;32m  OK  [0m] Mounted FUSE Control File System.
[[0;32m  OK  [0m] Started udev Coldplug all Devices.
[[0;32m  OK  [0m] Started Journal Service.
[[0;32m  OK  [0m] Started Create Static Device Nodes in /dev.
[[0;32m  OK  [0m] Started Monitoring of LVM2 mirrors,…sing dmeventd or progress polling.
[[0;32m  OK  [0m] Started Apply Kernel Variables.
[[0;32m  OK  [0m] Started File System Check on Root Device.
         Starting Remount Root and Kernel File Systems...
[[0;32m  OK  [0m] Started Remount Root and Kernel File Systems.
         Starting udev Kernel Device Manager...
         Starting Flush Journal to Persistent Storage...
         Starting Load/Save Random Seed...
[[0;32m  OK  [0m] Started Load/Save Random Seed.
[[0;32m  OK  [0m] Started udev Kernel Device Manager.
[[0;32m  OK  [0m] Started Flush Journal to Persistent Storage.
[[0;32m  OK  [0m] Found device /dev/ttyS0.
[[0;32m  OK  [0m] Listening on Load/Save RF Kill Switch Status /dev/rfkill Watch.
[[0;32m  OK  [0m] Started Set the console keyboard layout.
[[0;32m  OK  [0m] Reached target Local File Systems (Pre).
[[0;32m  OK  [0m] Reached target Local File Systems.
         Starting Set console font and keymap...
         Starting Create Volatile Files and Directories...
         Starting Tell Plymouth To Write Out Runtime Data...
         Starting Commit a transient machine-id on disk...
         Starting AppArmor initialization...
         Starting ebtables ruleset management...
[[0;32m  OK  [0m] Started Dispatch Password Requests to Console Directory Watch.
[[0;32m  OK  [0m] Reached target Local Encrypted Volumes.
[[0;32m  OK  [0m] Started Tell Plymouth To Write Out Runtime Data.
[[0;32m  OK  [0m] Started Create Volatile Files and Directories.
         Starting Update UTMP about System Boot/Shutdown...
[[0;32m  OK  [0m] Started Commit a transient machine-id on disk.
[[0;32m  OK  [0m] Started Update UTMP about System Boot/Shutdown.
[[0;32m  OK  [0m] Started ebtables ruleset management.
         Mounting Arbitrary Executable File Formats File System...
[[0;32m  OK  [0m] Mounted Arbitrary Executable File Formats File System.
[[0;32m  OK  [0m] Started AppArmor initialization.
         Starting Load AppArmor profiles managed internally by snapd...
         Starting Initial cloud-init job (pre-networking)...
[[0;32m  OK  [0m] Started Load AppArmor profiles managed internally by snapd.
[[0;32m  OK  [0m] Started Set console font and keymap.
[   14.023715] cloud-init[760]: Cloud-init v. 23.1.2-0ubuntu0~18.04.1 running 'init-local' at Mon, 12 Aug 2024 01:26:03 +0000. Up 13.61 seconds.
[[0;32m  OK  [0m] Started Initial cloud-init job (pre-networking).
[[0;32m  OK  [0m] Reached target Network (Pre).
         Starting Network Service...
[[0;32m  OK  [0m] Started Network Service.
         Starting Network Name Resolution...
         Starting Wait for Network to be Configured...
[[0;32m  OK  [0m] Started Network Name Resolution.
[[0;32m  OK  [0m] Reached target Host and Network Name Lookups.
[[0;32m  OK  [0m] Reached target Network.
[[0;32m  OK  [0m] Started Wait for Network to be Configured.
         Starting Initial cloud-init job (metadata service crawler)...
[   16.221638] cloud-init[908]: Cloud-init v. 23.1.2-0ubuntu0~18.04.1 running 'init' at Mon, 12 Aug 2024 01:26:05 +0000. Up 16.03 seconds.
[   16.236830] cloud-init[908]: ci-info: ++++++++++++++++++++++++++++++++++++++Net device info+++++++++++++++++++++++++++++++++++++++
[   16.264268] cloud-init[908]: ci-info: +--------+-------+----------------------------+---------------+--------+-------------------+
[   16.276443] cloud-init[908]: ci-info: | Device |   Up  |          Address           |      Mask     | Scope  |     Hw-Address    |
[   16.294093] cloud-init[908]: ci-info: +--------+-------+----------------------------+---------------+--------+-------------------+
[   16.324535] cloud-init[908]: ci-info: | enp0s3 |  True |         10.0.2.15          | 255.255.255.0 | global | 02:3b:7b:b7:3b:2d |
[   16.345230] cloud-init[908]: ci-info: | enp0s3 |  True | fe80::3b:7bff:feb7:3b2d/64 |       .       |  link  | 02:3b:7b:b7:3b:2d |
[   16.358304] cloud-init[908]: ci-info: | enp0s8 | False |             .              |       .       |   .    | 08:00:27:5c:ae:c8 |
[   16.367545] cloud-init[908]: ci-info: |   lo   |  True |         127.0.0.1          |   255.0.0.0   |  host  |         .         |
[   16.383425] cloud-init[908]: ci-info: |   lo   |  True |          ::1/128           |       .       |  host  |         .         |
[   16.389351] cloud-init[908]: ci-info: +--------+-------+----------------------------+---------------+--------+-------------------+
[   16.396292] cloud-init[908]: ci-info: ++++++++++++++++++++++++++++Route IPv4 info+++++++++++++++++++++++++++++
[   16.405020] cloud-init[908]: ci-info: +-------+-------------+----------+-----------------+-----------+-------+
[   16.420156] cloud-init[908]: ci-info: | Route | Destination | Gateway  |     Genmask     | Interface | Flags |
[   16.432216] cloud-init[908]: ci-info: +-------+-------------+----------+-----------------+-----------+-------+
[   16.452543] cloud-init[908]: ci-info: |   0   |   0.0.0.0   | 10.0.2.2 |     0.0.0.0     |   enp0s3  |   UG  |
[   16.484072] cloud-init[908]: ci-info: |   1   |   10.0.2.0  | 0.0.0.0  |  255.255.255.0  |   enp0s3  |   U   |
[   16.493946] cloud-init[908]: ci-info: |   2   |   10.0.2.2  | 0.0.0.0  | 255.255.255.255 |   enp0s3  |   UH  |
[   16.504300] cloud-init[908]: ci-info: +-------+-------------+----------+-----------------+-----------+-------+
[   16.510934] cloud-init[908]: ci-info: +++++++++++++++++++Route IPv6 info+++++++++++++++++++
[   16.533026] cloud-init[908]: ci-info: +-------+-------------+---------+-----------+-------+
[   16.538365] cloud-init[908]: ci-info: | Route | Destination | Gateway | Interface | Flags |
[   16.542145] cloud-init[908]: ci-info: +-------+-------------+---------+-----------+-------+
[   16.558384] cloud-init[908]: ci-info: |   1   |  fe80::/64  |    ::   |   enp0s3  |   U   |
[   16.585707] cloud-init[908]: ci-info: |   3   |    local    |    ::   |   enp0s3  |   U   |
[   16.592669] cloud-init[908]: ci-info: |   4   |   ff00::/8  |    ::   |   enp0s3  |   U   |
[   16.598931] cloud-init[908]: ci-info: +-------+-------------+---------+-----------+-------+
[   17.232291] cloud-init[908]: Generating public/private rsa key pair.
[   17.242342] cloud-init[908]: Your identification has been saved in /etc/ssh/ssh_host_rsa_key.
[   17.265009] cloud-init[908]: Your public key has been saved in /etc/ssh/ssh_host_rsa_key.pub.
[   17.276745] cloud-init[908]: The key fingerprint is:
[   17.280096] cloud-init[908]: SHA256:5YBquzT/9Kc5pixVch55e/Is71AMqujaHMnjWUDp15U root@ubuntu-bionic
[   17.296189] cloud-init[908]: The key's randomart image is:
[   17.300344] cloud-init[908]: +---[RSA 2048]----+
[   17.303845] cloud-init[908]: |                 |
[   17.308441] cloud-init[908]: |       o     .   |[[0;32m  OK  [0m] Started Initial cloud-init job (metadata service crawler).
[   17.317395] cloud-init[908]: |      + . ..E    |
[   17.318911] cloud-init
[[0;32m  OK  [0m] Reached target Cloud-config availability.[908]: |     +  .==o.o   |
[   17.324510] cloud-init[908]: |    o o S=+o .o  |
[   17.324531] cloud-init[908]: |   . o =... o..  |
[   17.324548] cloud-init[908]: |    + *.+   .=   |
[   17.324562] cloud-init[908]: |   . O.B .o.o.o  |
[   17.324579] cloud-init[908]: |    o.Bo+o++ +o  |
[   17.324596] cloud-init[908]: +----[SHA256]-----+

[[0;32m  OK  [0m] Reached target System Initialization.
[[0;32m  OK  [0m] Listening on Open-iSCSI iscsid Socket.
[[0;32m  OK  [0m] Listening on ACPID Listen Socket.
[[0;32m  OK  [0m] Started Ubuntu Advantage Timer for running repeated jobs.
[[   17.346868] cloud-init[908]: Generating public/private dsa key pair.
[   17.355891] [0;32m  OK  [0m] Started Daily apt download activities.
cloud-init[908]: Your identification has been saved in /etc/ssh/ssh_host_dsa_key.         Starting Socket activation for snappy daemon.
[   17.372905] cloud-init
[[0;32m  OK  [0m] Started ACPI Events Check.
[908]: Your public key has been saved in /etc/ssh/ssh_host_dsa_key.pub.[[0;32m  OK  [0m] Started Daily apt upgrade and clean activities.

[   17.397379] cloud-init[908]: The key fingerprint is:[[0;32m  OK  [0m] Started Daily Cleanup of Temporary Directories.

[   17.405459] cloud-init[908]: SHA256:kghXkgjR7DkmFXlvOnun6YeLANPIuGaQoZUKmpM14ns root@ubuntu-bionic         Starting LXD - unix socket.
[[0;32m  OK  [0m
[   17.412920] cloud-init[908]: The key's randomart image is:
] Listening on D-Bus System Message Bus Socket.
[[0;32m  OK  [0m] Listening on UUID daemon activation socket.
[[0;32m  OK  [0m[   17.430512] cloud-init[908]: ] Started Discard unused blocks once a week.
[[0;32m  OK  [0m] +---[DSA 1024]----+
Reached target Paths.
[[0;32m  OK  [0m] Listening on cloud-init hotplug hook socket.[   17.446421] cloud-init[908]: 
[[0;32m  OK  [0m] Started Message of the Day.|o=.+...          |
[   17.455042] cloud-init[908]: |  *.oo           |
[   17.458736] cloud-init[908]: 
[[0;32m  OK  [0m] Reached target Timers.
[|+o*o..           |
[   17.465873] cloud-init[908]: |O%=+ .o.         |[0;32m  OK  [0m] Reached target Network is Online.

[   17.473372] cloud-init[908]: |#=...oo S        |
[   17.476805]          Starting Availability of block devices...
[[0;32m  OK  [0m] Reached target Remote File Systems (Pre).
[[0;32m  OK  [0m] Reached target Remote File Systems.
cloud-init[908]: |.=. o  .         |[[0;32m  OK  [0m
[   17.502676] cloud-init] Listening on Socket activation for snappy daemon.
[[0;32m  OK  [0m] Listening on LXD - unix socket.
[[0;32m  OK  [0m] Started Availability of block devices.[908]: |.+.E o .         |
[   17.518791] cloud-init
[[0;32m  OK  [0m] Reached target Sockets.
[[0;32m  OK  [0m] Reached target Basic System.[908]: |o ....o.o        |
[   17.530871] cloud-init
[[0;32m  OK  [0m] Started Regular background program processing daemon.
[908]: [[0;32m  OK  [0m] Reached target Login Prompts (Pre).|    .o==         |
         Starting System Logging Service...
[   17.557965] cloud-init[908]: +----[SHA256]-----+
         Starting Pollinate to seed the pseudo random number generator...

[   17.575254] cloud-init[908]: Generating public/private ecdsa key pair.
[   17.586214] cloud-init[908]:          Starting Dispatcher daemon for systemd-networkd...
         Starting LSB: automatic crash report generation...
Your identification has been saved in /etc/ssh/ssh_host_ecdsa_key.[[0;32m  OK  [0m] Started D-Bus System Message Bus.

[   17.628228] cloud-init[908]: Your public key has been saved in /etc/ssh/ssh_host_ecdsa_key.pub.
[   17.641198] cloud-init[908]: The key fingerprint is:
         Starting LXD - container startup/shutdown...[   17.660881] 
[[0;32m  OK  [0m] Started FUSE filesystem for LXC.
         Starting Virtualbox guest utils...
[[0;32m  OK  [0m] Started irqbalance daemon.
[[0;32m  OK  [0m] Started Deferred execution scheduler.
         Starting Login Service...
cloud-init[908]: SHA256:bbuJiu4h1De2Uz3MGRnHQrZf2KB8XZXpaA2GIzsz1zA root@ubuntu-bionic
[   17.738503] cloud-init[908]: The key's randomart image is:
[   17.762656] cloud-init[908]:          Starting Permit User Sessions...
         Starting LSB: Record successful boot for GRUB...
+---[ECDSA 256]---+         Starting Accounts Service...

[   17.800018] cloud-init[908]: |         .+.+   *|
[   17.812810]          Starting Snap Daemon...
[[0;32m  OK  [0mcloud-init] Started System Logging Service.
[908]: [|         +.E.B + |[0;32m  OK  [0m] Started Permit User Sessions.

         Starting Hold until boot process finishes up...
         Starting Terminate Plymouth Boot Screen...
[[0;32m  OK  [0m] Started Hold until boot process finishes up.
         Starting Set console scheme...
[[0;32m  OK  [0m] Started Serial Getty on ttyS0.
[   17.913687] [[0;32m  OK  [0m] Started Terminate Plymouth Boot Screen.
[[0;32m  OK  [0m] Started Login Service.
[[0;32m  OK  [0m] Started Unattended Upgrades Shutdown.
cloud-init[908]: |          O.O O  |
[   17.959211] cloud-init[908]: |   .     X * = o |
[   18.009836] [[0;32m  OK  [0m] Started Set console scheme.
cloud-init[908]: |  . . + S & o    |
[[0;32m  OK  [0m] Created slice system-getty.slice.
[[0;32m  OK  [0m] Started Getty on tty1.
[[0;32m  OK  [0m] Reached target Login Prompts.[   18.056980] 
         Starting Authorization Manager...
cloud-init[[0;32m  OK  [0m] Started LSB: automatic crash report generation.
[908]: | .   o + . o     |
[   18.109275] cloud-init[908]: |  . . o   .      |
[   18.129485] cloud-init[908]: |   . o . . o     |
[   18.149454] cloud-init[908]: |   o+ ... o      |
[   18.164998] cloud-init[908]: +----[SHA256]-----+
[   18.172961] cloud-init[908]: Generating public/private ed25519 key pair.
[   18.185940] cloud-init[908]: Your identification has been saved in /etc/ssh/ssh_host_ed25519_key.
[   18.201779] cloud-init[908]: Your public key has been saved in /etc/ssh/ssh_host_ed25519_key.pub.
[   18.297560] cloud-init[908]: The key fingerprint is:
[   18.317939] cloud-init[908]: SHA256:RhfmFiI/mUlLWpFCjTcA5AJF5jNZu9kHfgVwp9UfJrg root@ubuntu-bionic
[   18.327554] cloud-init[908]: The key's randomart image is:
[   18.337614] cloud-init[908]: +--[ED25519 256]--+
[[0;32m  OK  [0m] Started LSB: Record successful boot for GRUB.
[   18.354715] cloud-init[908]: |.o+.+o==Oo*o     |
[   18.368402] cloud-init[908]: | + + .oO=&.oo o  |
[   18.374853] cloud-init[908]: |  * o ooX.=. + . |
[   18.381228] cloud-init[908]: |   + = o =E   .  |
[   18.391491] cloud-init[908]: |    o o S        |
[   18.411270] cloud-init[908]: |       +         |
[   18.422292] cloud-init[908]: |                 |
[   18.438026] cloud-init[908]: |                 |
[   18.450655] cloud-init[908]: |                 |
[   18.457597] cloud-init[908]: +----[SHA256]-----+
[[0;32m  OK  [0m] Started Authorization Manager.
[[0;32m  OK  [0m] Started Accounts Service.
[[0;32m  OK  [0m] Started LXD - container startup/shutdown.
[[0;32m  OK  [0m] Started Virtualbox guest utils.
[[0;32m  OK  [0m] Started Dispatcher daemon for systemd-networkd.
[[0;32m  OK  [0m] Started Snap Daemon.
         Starting Wait until snapd is fully seeded...
[[0;32m  OK  [0m] Started Pollinate to seed the pseudo random number generator.
         Starting OpenBSD Secure Shell server...
[[0;32m  OK  [0m] Started OpenBSD Secure Shell server.
[[0;32m  OK  [0m] Created slice User Slice of vagrant.
         Starting User Manager for UID 1000...
[[0;32m  OK  [0m] Started Session 1 of user vagrant.
[[0;32m  OK  [0m] Started User Manager for UID 1000.
         Starting Time & Date Service...
[[0;32m  OK  [0m] Started Time & Date Service.

Ubuntu 18.04.6 LTS ubuntu-bionic ttyS0

ubuntu-bionic login: [   26.375223] cloud-init[1500]: Cloud-init v. 23.1.2-0ubuntu0~18.04.1 running 'modules:config' at Mon, 12 Aug 2024 01:26:15 +0000. Up 25.55 seconds.
ci-info: no authorized SSH keys fingerprints found for user ubuntu.
<14>Aug 12 01:26:17 cloud-init: #############################################################
<14>Aug 12 01:26:17 cloud-init: -----BEGIN SSH HOST KEY FINGERPRINTS-----
<14>Aug 12 01:26:17 cloud-init: 1024 SHA256:kghXkgjR7DkmFXlvOnun6YeLANPIuGaQoZUKmpM14ns root@ubuntu-bionic (DSA)
<14>Aug 12 01:26:17 cloud-init: 256 SHA256:bbuJiu4h1De2Uz3MGRnHQrZf2KB8XZXpaA2GIzsz1zA root@ubuntu-bionic (ECDSA)
<14>Aug 12 01:26:17 cloud-init: 256 SHA256:RhfmFiI/mUlLWpFCjTcA5AJF5jNZu9kHfgVwp9UfJrg root@ubuntu-bionic (ED25519)
<14>Aug 12 01:26:17 cloud-init: 2048 SHA256:5YBquzT/9Kc5pixVch55e/Is71AMqujaHMnjWUDp15U root@ubuntu-bionic (RSA)
<14>Aug 12 01:26:17 cloud-init: -----END SSH HOST KEY FINGERPRINTS-----
<14>Aug 12 01:26:17 cloud-init: #############################################################
-----BEGIN SSH HOST KEY KEYS-----
ecdsa-sha2-nistp256 AAAAE2VjZHNhLXNoYTItbmlzdHAyNTYAAAAIbmlzdHAyNTYAAABBBCS1BYjVqQ/6Fgz/qOzJ7pglwTyB1F8FBCDHvM9yr4MxxL4HiMBjeCQoywpnRHC790wEEoELxIdXXp0S7KaAIkE= root@ubuntu-bionic
ssh-ed25519 AAAAC3NzaC1lZDI1NTE5AAAAIJyT3Ch4muIfGvqGS6MMMqjeBgwG834/JWV561taxdfC root@ubuntu-bionic
ssh-rsa AAAAB3NzaC1yc2EAAAADAQABAAABAQDyT7SSOeQeSvltRYN85+US9ogVGgBr19VcSP5fCiTP4RQXoUTbO8Ez1BvwXiRzYc5MVkpwFeI2fvzdWHaJLVnHi2xi4acE+dQC75CwLDWhRBOlHWw1rN7qYq1pKj6z/wdBh4TvxSwO5l8okjuAOBZlxWCqz8BkJUxNPZZp4TudDWiYVzA9XPpt3XWD/2w9TeKNRdMC/qU5zgHcfCvYeQ/hYTa6jbr5gyHcIkvB+mvyodQFDSP4cLyc/+zUlO6bJUY5gQr2YTS9VcQx4qgm3WfOiaq1oYmKQtv5XyNIzcNKtsRg7jmfA3BjcWuXD/b/1uqReKi4/b9EDOv0CP16ZOzn root@ubuntu-bionic
-----END SSH HOST KEY KEYS-----
[   27.765000] cloud-init[1690]: Cloud-init v. 23.1.2-0ubuntu0~18.04.1 running 'modules:final' at Mon, 12 Aug 2024 01:26:17 +0000. Up 27.43 seconds.
[   27.781011] cloud-init[1690]: Cloud-init v. 23.1.2-0ubuntu0~18.04.1 finished at Mon, 12 Aug 2024 01:26:17 +0000. Datasource DataSourceNoCloud [seed=/dev/sdb][dsmode=net].  Up 27.75 seconds
